C51 COMPILER V7.06   KXOSDFUNC                                                             04/29/2010 18:06:15 PAGE 1   


C51 COMPILER V7.06, COMPILATION OF MODULE KXOSDFUNC
OBJECT MODULE PLACED IN .\Output\KXOSDFunc.obj
COMPILER INVOKED BY: C:\Keil\C51\BIN\C51.EXE OSD\KXOSDFunc.c LARGE OPTIMIZE(9,SPEED) BROWSE DEBUG OBJECTEXTEND PRINT(.\O
                    -utput\KXOSDFunc.lst) OBJECT(.\Output\KXOSDFunc.obj)

stmt level    source

   1          #define __OSD_FUNC__
   2          #include "Core\Header\Include.h"
   3          
   4          
   5           
   6          
   7          //---------------------------------------------------------------------------
   8          
   9          void SetOsdMap(BYTE ucOsdHeight,BYTE ucOsdWdith,WORD usFontBaseAddress)
  10          {
  11   1              g_ucRowCnt = ucOsdHeight;
  12   1              g_ucColWidth = ucOsdWdith;
  13   1              g_usFontBaseAddress = usFontBaseAddress;
  14   1      
  15   1              SetOSDRamAddress();
  16   1              SetRowCmds();
  17   1      }
  18          //---------------------------------------------------------------------------
  19          void SetOSDRamAddress()
  20          {
  21   1           unsigned int iFontSelectAddress;
  22   1           unsigned int iFntBaseAddr;
  23   1      
  24   1           iFontSelectAddress = GET_OSD_MAP_FONT_SELECT_ADDRESS();
  25   1           iFntBaseAddr = GET_OSD_MAP_FONTBASEADDRESS();
  26   1           //CUartPrintf("FontSelectAddress:",iFontSelectAddress);
  27   1           //CUartPrintf("FntBaseAddr:",iFntBaseAddr);
  28   1      
  29   1           pData[0] = 0xc0;
  30   1           pData[1] = 0x04;
  31   1           CScalerWrite(_OSD_ADDR_MSB_90, 2, pData, _AUTOINC);
  32   1      
  33   1           pData[0] = iFontSelectAddress & 0xff;
  34   1           pData[1] = ((iFontSelectAddress >> 4) & 0xf0) | (iFntBaseAddr & 0x0f);
  35   1           pData[2] = ((iFntBaseAddr >> 4) & 0xff);
  36   1           CScalerWrite(_OSD_DATA_PORT_92, 3, pData, _NON_AUTOINC);
  37   1      }
  38          //---------------------------------------------------------------------------
  39          void DirectWOSDRam(WORD iAddress, WORD iLen, BYTE TheByte, BYTE Value)
  40          {
  41   1           pData[0] = TheByte | ((iAddress >> 8) & 0x0f);
  42   1           pData[1] = (BYTE)(iAddress & 0xff);
  43   1           CScalerWrite(_OSD_ADDR_MSB_90, 2, pData, _AUTOINC);
  44   1         
  45   1           if(TheByte == ALL_BYTE)  
  46   1              iLen *= 3;
  47   1      
  48   1           CScalerSendAddr(_OSD_DATA_PORT_92 , _NON_AUTOINC);
  49   1      
  50   1           while(iLen)
  51   1           {
  52   2               *(&MCU_SCA_INF_DATA_FFF5) = Value;
  53   2               iLen--;
  54   2           }
C51 COMPILER V7.06   KXOSDFUNC                                                             04/29/2010 18:06:15 PAGE 2   

  55   1      
  56   1      }
  57          
  58          //-------------------------------------------------------------
  59          void OutputChar(BYTE C)
  60          {
  61   1           CScalerSendAddr(_OSD_DATA_PORT_92 , _NON_AUTOINC);
  62   1           *(&MCU_SCA_INF_DATA_FFF5) = C;
  63   1      }
  64          
  65          //-------------------------------------------------------------
  66          void COsdColorPalette(BYTE *pColorPaletteArray)
  67          {
  68   1              CScalerSetByte(_OVERLAY_LUT_ADDR_6E, 0x80);
  69   1              CScalerWrite(_COLOR_LUT_PORT_6F, 48, pColorPaletteArray, _NON_AUTOINC);
  70   1              CScalerSetByte(_OVERLAY_LUT_ADDR_6E, 0x00);
  71   1      }
  72          //-------------------------------------------------------------
  73          void SetRowCmds() small
  74          {
  75   1      //    unsigned char i;
  76   1          unsigned char ucRowCnt = GET_OSD_MAP_ROWCOUNT();
  77   1          // Row Command Byte 0
  78   1          // 0x80
  79   1          //   Character border/shadow      000: None
  80   1          //   Double character width         0: 0x01
  81   1          //   Double character height        0: 0x01
  82   1          DirectWOSDRam(0x00,ucRowCnt,THE_BYTE0,0x80);
  83   1      
  84   1          //Row End Command
  85   1          OutputChar(0x00);
  86   1      
  87   1          //Row Command Byte 1
  88   1          //    0x90
  89   1          //    Row height (1~32) : 18
  90   1          //    Column space      : 0
  91   1          DirectWOSDRam(0x00,ucRowCnt,THE_BYTE1,0x88);
  92   1      
  93   1          // Row Command Byte 2
  94   1      
  95   1          DirectWOSDRam(0x00,ucRowCnt,THE_BYTE2,g_ucColWidth);
  96   1          
  97   1      }     
  98          //---------------------------------------------------------------------------
  99          void Gotoxy(unsigned char x,unsigned char y,unsigned char TheByte)
 100          {
 101   1           unsigned int iAddress = GET_OSD_MAP_FONT_SELECT_ADDRESS();
 102   1      //     unsigned char i;
 103   1      
 104   1           iAddress += (y * g_ucColWidth);
 105   1           iAddress += x;
 106   1      
 107   1           pData[0] = (unsigned char)(((iAddress >> 8 ) & 0x0f) | TheByte);
 108   1           pData[1] = (unsigned char)(iAddress & 0xff);
 109   1           CScalerWrite(_OSD_ADDR_MSB_90, 2, pData, _AUTOINC);
 110   1      }
 111          //---------------------------------------------------------------------------
 112          
 113          void PrintfDec(unsigned char Value)                               //hb
 114          {
 115   1           unsigned char a[3];
 116   1           if(Value / 100 > 0)
C51 COMPILER V7.06   KXOSDFUNC                                                             04/29/2010 18:06:15 PAGE 3   

 117   1           {
 118   2               a[0] = (Value / 100) + '0';
 119   2               a[1] = ((Value / 10) % 10) + '0';
 120   2               a[2] = (Value % 10)  + '0';
 121   2           }
 122   1           else if(Value / 10 > 0)
 123   1           {
 124   2               a[0] = 0;
 125   2               a[1] = (Value / 10) + '0';
 126   2               a[2] = (Value % 10) + '0';
 127   2           }
 128   1           else
 129   1           {
 130   2               a[0] = 0;
 131   2               a[1] = 0;
 132   2               a[2] = Value + '0';
 133   2           }
 134   1      
 135   1           CScalerWrite(_OSD_DATA_PORT_92, 3, a, _NON_AUTOINC);
 136   1      }
 137          /*      
 138          //-------------------------------------------------------------
 139          
 140          void PrintfInt(unsigned int Value)
 141          {
 142               unsigned char i,a[5];
 143               bit fBegin = 0;
 144          
 145               a[0] = (Value / 10000);
 146               a[1] = ((Value / 1000) % 10);
 147               a[2] = ((Value / 100) % 10);
 148               a[3] = ((Value / 10) % 10);
 149               a[4] = (Value % 10) + '0';
 150          
 151               for(i=0;i<4;i++)
 152               {
 153                   if(fBegin)
 154                   {
 155                        a[i] += '0';
 156                   }
 157                   else
 158                   {
 159                        if(a[i] != 0)
 160                           fBegin = 1;
 161                   }
 162               }
 163          
 164               CScalerWrite(_OSD_DATA_PORT_92, 5, a, _NON_AUTOINC);
 165          }
 166          //---------------------------------------------------------------------------
 167          void PrintfHex(unsigned char Value)
 168          {
 169               unsigned char h,l,t;
 170               t = (Value & 0x0f);
 171               if(t < 10)    l = t + '0';
 172               else          l = (t - 10) + 'A';
 173          
 174               t = (Value >> 4) & 0x0f;
 175               if(t < 10)    h = t + '0';
 176               else          h = (t - 10) + 'A';
 177          
 178               pData[0]    = h;
C51 COMPILER V7.06   KXOSDFUNC                                                             04/29/2010 18:06:15 PAGE 4   

 179               pData[1]    = l;
 180               CScalerWrite(_OSD_DATA_PORT_92, 2, pData, _AUTOINC);   
 181          }
 182          //---------------------------------------------------------------------------
 183          */
 184          void COsdFxCloseWindow(BYTE ucWinID)
 185          {
 186   1      
 187   1          pData[0]    = 0x81;
 188   1          pData[1]    = ucWinID * 4 + 3;
 189   1          pData[2]    = 0x00;
 190   1          CScalerWrite(_OSD_ADDR_MSB_90, 3, pData, _AUTOINC);
 191   1      }
 192          
 193          //-------------------------------------------------------------
 194          WORD ValueInRangeChange(WORD ucMin, WORD ucMax, WORD ucCur, BYTE ucOption)//BYTE ucOption, BYTE ucLoop)
 195          {
 196   1          WORD R;
 197   1      
 198   1          if((ucOption & _INC) == _INC)
 199   1          {
 200   2              if(ucCur >= ucMax)
 201   2              {
 202   3                  if((ucOption & _LOOP) == _LOOP)     
 203   3                                      return ucMin;
 204   3                  else                                                
 205   3                                      return ucMax;
 206   3              }
 207   2              R = ucCur + 1;
 208   2          }
 209   1          else
 210   1          {
 211   2              if(ucCur <= ucMin)
 212   2              {
 213   3                  if((ucOption & _LOOP) == _LOOP)     
 214   3                                      return ucMax;
 215   3                  else                                                
 216   3                                      return ucMin;
 217   3              }
 218   2              R = ucCur - 1;
 219   2          }
 220   1          return R;
 221   1      }
 222          
 223          //-------------------------------------------------------------
 224          void SetOSDDouble(BYTE ucAttr)
 225          {
 226   1          pData[0]    = 0x40;
 227   1          pData[1]    = 0x03;
 228   1          pData[2]    = ucAttr & (~_BIT1);
 229   1          CScalerWrite(_OSD_ADDR_MSB_90, 3, pData, _AUTOINC); 
 230   1      
 231   1              if(ucAttr & _BIT1)
 232   1              {
 233   2                      CScalerSetBit(_OVERLAY_CTRL_6C, ~_BIT1, _BIT1);
 234   2              }
 235   1              else
 236   1              {
 237   2                      CScalerSetBit(_OVERLAY_CTRL_6C, ~_BIT1, 0x00);
 238   2              }   
 239   1          
 240   1      }
C51 COMPILER V7.06   KXOSDFUNC                                                             04/29/2010 18:06:15 PAGE 5   

 241          //-------------------------------------------------------------
 242          void Textout(BYTE *Text)
 243          {
 244   1           CScalerSendAddr(_OSD_DATA_PORT_92,  _NON_AUTOINC);
 245   1           while(*Text != 0)
 246   1           {
 247   2                *(&MCU_SCA_INF_DATA_FFF5) =  *Text++;
 248   2           }
 249   1      }
 250                   
 251          //---------------------------------------------------------------------------
 252          void CCenterTextout(BYTE *str,BYTE ucCenterX,BYTE y)
 253          {
 254   1              BYTE len = StrLen(str);
 255   1      
 256   1              len /= 2;
 257   1              if(ucCenterX > len)
 258   1                      ucCenterX -= len;
 259   1              else 
 260   1                      ucCenterX = 0;
 261   1      
 262   1              Gotoxy(ucCenterX, y, BYTE_DISPLAY);
 263   1              Textout(str);
 264   1      }
 265          
 266          /*
 267          //---------------------------------------------------------------------------
 268          void CTextOutRightAlign(BYTE *str,BYTE x,BYTE y)
 269          {
 270              BYTE ucWidth;
 271              BYTE ucStrLen = StrLen(str);
 272          
 273              if(ucStrLen > x - 1)
 274              {
 275                  x = 1;
 276              }
 277              else 
 278              {
 279                  x = x - ucStrLen;
 280              }
 281          
 282              ucWidth = CTextOutBase(str,x,y);
 283              ucWidth = 12 - (ucWidth % 12);
 284                  if(ucWidth < 4)
 285                  ucWidth += 12;
 286           
 287              CSetBlankWidth(x - 1,y,ucWidth);    
 288          } */
 289          //---------------------------------------------------------------------------
 290          
 291          
 292          //---------------------------------------------------------------------------
 293          // OSD_Position : Restore OSD position according to global settings
 294          // para : OSD font parameter
 295          // OSD_GLOBAL_BLINK    : 0x10
 296          // OSD_DISP_ZONE_LEFT  : 0x04
 297          // OSD_DISP_ZONE_RIGHT : 0x08
 298          // OSD_ROTATE          : 0x02
 299          // OSD_ENABLE          : 0x01
 300          //---------------------------------------------------------------------------
 301          void OSDPosition(WORD usOsdActWidth, WORD usOsdActHeight, BYTE ucHPos, BYTE ucVPos, BYTE ucPar)
 302          {
C51 COMPILER V7.06   KXOSDFUNC                                                             04/29/2010 18:06:15 PAGE 6   

 303   1              WORD usBegin = Panel.DHStartPos;//CCalcPanelDHSta();
 304   1              WORD usWidth = Panel.DHWidth;//CCalcPanelWdith();
 305   1              BYTE ucTemp = 4;
 306   1      
 307   1          if(ucHPos > 100)
 308   1              ucHPos = 50;
 309   1      
 310   1          if(ucVPos > 100)
 311   1              ucVPos = 50;
 312   1       /*
 313   1          usOsdActWidth  = _OSD_HPOSITION_OFFSET + 4 +
 314   1                          (DWORD)(usBegin / 8) + 
 315   1                          (DWORD)(ucHPos * (usWidth / 4 - usOsdActWidth/4 - 4)) / 100;
 316   1         */
 317   1          if (GET_OSD_SIZE())
 318   1              ucTemp = 8;
 319   1      
 320   1          usOsdActWidth  = _OSD_HPOSITION_OFFSET / ucTemp + 
 321   1                          (DWORD)(usBegin / ucTemp) + 
 322   1                          (DWORD)(ucHPos * (usWidth / 4 - usOsdActWidth/4)) / 100;
 323   1      
 324   1          usOsdActHeight = _OSD_VPOSITION_OFFSET + 
 325   1                          (DWORD)(Panel.DVStartPos / 4) + 
 326   1                          (DWORD)(ucVPos * (Panel.DVHeight / 4 - usOsdActHeight/4 - 6)) / 100;
 327   1      
 328   1      
 329   1          CScalerSetBit(_OSD_SCRAMBLE_93, 0xf8, 0x02);
 330   1      
 331   1          pData[0] = CScalerGetBit(_OVERLAY_CTRL_6C, _BIT0);
 332   1      
 333   1          pData[0] = (pData[0] == 0x00) ? 0xc0 : 0xe0;
 334   1          pData[1] = 0x00;
 335   1          CScalerWrite(_OSD_ADDR_MSB_90, 2, pData, _AUTOINC);
 336   1      
 337   1              pData[0] = usOsdActHeight >> 1;
 338   1              pData[1] = (UINT8) (usOsdActWidth >> 2);
 339   1              pData[2] = ((UINT8) (usOsdActWidth & 0x0003) << 6) |    ((usOsdActHeight & 0x01) << 5) | ucPar;
 340   1              CScalerWrite(_OSD_DATA_PORT_92, 3, pData, _NON_AUTOINC);
 341   1       
 342   1          CTimerWaitForEvent(_EVENT_DEN_STOP);
 343   1          CTimerWaitForEvent(_EVENT_DEN_STOP);
 344   1          CScalerSetBit(_OSD_SCRAMBLE_93, 0xf8, 0x05);
 345   1      }
 346          
 347          /*****************************************************************************
 348          VALUE:
 349              0xF0: White
 350              0xE0: Orange
 351              0xD0: Pink
 352              0xC0: Red
 353              0xB0: Light Bule
 354              0xA0: Green
 355          
 356          wtao100415
 357          ******************************************************************************/    
 358          //---------------------------------------------------------------------------
 359          void OSDLine(BYTE row, BYTE col, BYTE length, BYTE value, BYTE TheByte)
 360          {
 361   1          BYTE ucRowCharLength = g_ucColWidth;
 362   1      
 363   1          //if(ucRowCharLength < col)    return;
 364   1      
C51 COMPILER V7.06   KXOSDFUNC                                                             04/29/2010 18:06:15 PAGE 7   

 365   1          if(ucRowCharLength < (col + length))    
 366   1          {
 367   2               length = ucRowCharLength - col;
 368   2          }
 369   1      
 370   1          Gotoxy(col,row,TheByte);
 371   1      
 372   1          if(TheByte == ALL_BYTE)    
 373   1             length *= 3;
 374   1      
 375   1          CScalerSendAddr(_OSD_DATA_PORT_92,  _NON_AUTOINC);
 376   1          while(length)
 377   1          {
 378   2               *(&MCU_SCA_INF_DATA_FFF5) =  value;
 379   2               length--;
 380   2          }
 381   1      }
 382          
 383          //---------------------------------------------------------------------------
 384          void OSDClear(BYTE row_start, BYTE height,
 385                        BYTE col_start, BYTE width,
 386                        BYTE Value, BYTE indicate)
 387          {          
 388   1          if (height)
 389   1          {
 390   2              do
 391   2              {
 392   3                  OSDLine(row_start, col_start, width, Value, indicate);
 393   3                  row_start++;
 394   3              }
 395   2              while (--height);
 396   2          }
 397   1      }
 398          
 399          //---------------------------------------------------------------------------
 400          /*
 401          void OutputDisplaySize()
 402          {
 403               //unsigned int  usHwid;
 404               //Data[0] 长度不定所以在后面才能得到
 405               //pData[1] = N_INC;
 406               //pData[2] = _OSD_DATA_PORT_92;
 407               if(stModeInfo.IHWidth / 1000)    pData[0] = '1';
 408               else                             pData[0] = 0;
 409               pData[1] = (unsigned char)((stModeInfo.IHWidth / 100) % 10) + '0';
 410               pData[2] = (unsigned char)((stModeInfo.IHWidth / 10) % 10) + '0';
 411               pData[3] = (unsigned char)(stModeInfo.IHWidth % 10) + '0';
 412          
 413               Gotoxy(2,11,BYTE_DISPLAY);
 414               CScalerWrite(_OSD_DATA_PORT_92, 4, pData, _NON_AUTOINC);
 415          
 416          
 417          
 418               if(stModeInfo.IVHeight / 1000)
 419                   pData[0] = '1';
 420               else
 421                   pData[0] = 0;
 422          
 423               pData[1] = (unsigned char)((stModeInfo.IVHeight / 100) % 10) + '0';
 424               pData[2] = (unsigned char)((stModeInfo.IVHeight / 10) % 10) + '0';
 425               pData[3] = (unsigned char)(stModeInfo.IVHeight % 10) + '0';
 426          
C51 COMPILER V7.06   KXOSDFUNC                                                             04/29/2010 18:06:15 PAGE 8   

 427               Gotoxy(10,11,BYTE_DISPLAY);
 428               CScalerWrite(_OSD_DATA_PORT_92,4,pData,_NON_AUTOINC);
 429          }
 430          
 431          //--------------------------------------------------------------------------------------------------------
             --------------
 432          void OutputRefrushRate()
 433          {                      
 434               BYTE ucIVFreq = stModeInfo.IVFreq/10;
 435               pData[0] = (unsigned char)((ucIVFreq / 10) % 10) + '0';
 436               pData[1] = (unsigned char)(ucIVFreq % 10) + '0';
 437              
 438               Gotoxy(20,11,BYTE_DISPLAY);
 439               CScalerWrite(_OSD_DATA_PORT_92,2,pData,_NON_AUTOINC);
 440          }
 441          
 442          //--------------------------------------------------------------------------------------------------------
             --------------
 443          void OutputHFreqRate()
 444          {
 445               BYTE ucFreq = stModeInfo.IHFreq/10;
 446               pData[0] = (unsigned char)((ucFreq / 10) % 10) + '0';
 447               pData[1] = (unsigned char)(ucFreq % 10) + '0';
 448              
 449               Gotoxy(20,11,BYTE_DISPLAY);
 450               CScalerWrite(_OSD_DATA_PORT_92,2,pData,_NON_AUTOINC);
 451          }
 452          */
 453          //--------------------------------------------------------------------------------------------------------
             --------------
 454          void COsdFxEnableOsd(void)
 455          {
 456   1          CTimerWaitForEvent(_EVENT_DEN_STOP);
 457   1          CScalerSetBit(_OVERLAY_CTRL_6C, ~_BIT0, _BIT0);   
 458   1      }
 459          
 460          //--------------------------------------------------
 461          void COsdFxDisableOsd(void)
 462          {       
 463   1          CTimerWaitForEvent(_EVENT_DEN_STOP);
 464   1          CScalerSetBit(_OVERLAY_CTRL_6C, ~_BIT0, 0x00);
 465   1          CLR_KEYREPEATENABLE();
 466   1      
 467   1          bTimerOnScreen = 0;
 468   1      }
 469          
 470          //--------------------------------------------------
 471          void COsdFxDrawWindow(WORD usXStart, WORD usYStart, WORD usXEnd, WORD usYEnd, BYTE *pStyle)
 472          {
 473   1          BYTE cnt0, cnt1;
 474   1      
 475   1          cnt0    = CScalerGetBit(_OVERLAY_CTRL_6C, _BIT0);
 476   1      
 477   1          pData[0]    = (cnt0 == 0x00) ? 0xc1 : 0xe1;
 478   1          pData[1]    = ((*(pStyle)) * 4) + 1;
 479   1          CScalerWrite(_OSD_ADDR_MSB_90, 2, pData, _AUTOINC);
 480   1      
 481   1          pData[0]    = ((usXStart & 0x03F) << 2);
 482   1          pData[1]    = (((usYStart & 0x007) << 5) | ((usXStart & 0x7C0) >> 6));
 483   1          pData[2]    = (usYStart >> 3);
 484   1          pData[3]    = ((usXEnd & 0x03F) << 2);
 485   1          pData[4]    = (((usYEnd & 0x007) << 5) | ((usXEnd & 0x7C0) >> 6));
C51 COMPILER V7.06   KXOSDFUNC                                                             04/29/2010 18:06:15 PAGE 9   

 486   1          pData[5]    = (usYEnd >> 3);
 487   1          CScalerWrite(_OSD_DATA_PORT_92, 6, pData, _NON_AUTOINC);
 488   1      
 489   1          CTimerDelayXms(40);
 490   1      
 491   1          for(cnt1=0;cnt1<2;cnt1++)
 492   1          {   
 493   2              pData[0]    = 0xc1;
 494   2              pData[1]    = ((*(pStyle)) * 4) + (cnt1 * 3);
 495   2              CScalerWrite(_OSD_ADDR_MSB_90, 2, pData, _AUTOINC);
 496   2      
 497   2              for(cnt0=0;cnt0<3;cnt0++)
 498   2                  pData[cnt0]   = (*(pStyle + ((cnt1 * 3) + cnt0) + 1));
 499   2      
 500   2              CScalerWrite(_OSD_DATA_PORT_92, 3, pData, _NON_AUTOINC);
 501   2          }
 502   1      }
 503          //--------------------------------------------------
 504          /*
 505          void COsdFxChangeWindowColor(BYTE ucWindowColor, BYTE *pStyle)
 506          {
 507              pData[0]    = 0x41;
 508              pData[1]    = ((*(pStyle)) * 4) + (3);
 509              CScalerWrite(_OSD_ADDR_MSB_90, 2, pData, _AUTOINC);
 510          
 511              pData[0]    = ((*(pStyle + ((3) + 1) + 1)) & 0xf0) | (ucWindowColor & 0x0f);
 512              CScalerWrite(_OSD_DATA_PORT_92, 1, pData, _NON_AUTOINC);
 513          }
 514          */
 515          //--------------------------------------------------
 516          BYTE COsdCtrlGetHPosition(void)
 517          {
 518   1              unsigned int ucMin = stModeUserCenterData.CenterHPos - _HPOSITION_BIAS;
 519   1              unsigned int iTmp = (stModeUserData.HPosition - ucMin) * 100 / (_HPOSITION_BIAS * 2);
 520   1              return (unsigned char)iTmp;
 521   1      }
 522          
 523          
 524          //---------------------------------------------------------------------------
 525          /*
 526          WORD COsdFxGetVPositionRange(BYTE ucPar)
 527          {
 528              if(ucPar == _GET_VPOSITIONRANGE_MAX)
 529                  return (stModeUserCenterData.CenterVPos + _VPOSITION_BIAS);
 530              else if(ucPar == _GET_VPOSITIONRANGE_MIN)
 531                  return (stModeUserCenterData.CenterVPos - _VPOSITION_BIAS);
 532          }
 533          
 534          //---------------------------------------------------------------------------
 535          */
 536          BYTE COsdCtrlGetVPosition(void)
 537          {
 538   1      //      return 100 - (stModeUserData.VPosition-COsdFxGetVPositionRange(_GET_VPOSITIONRANGE_MIN))*100/(COsdFxGet
             -VPositionRange(_GET_VPOSITIONRANGE_MAX)-COsdFxGetVPositionRange(_GET_VPOSITIONRANGE_MIN));
 539   1              unsigned int ucMin = stModeUserCenterData.CenterVPos - _VPOSITION_BIAS;
 540   1              unsigned int iTmp = (stModeUserData.VPosition - ucMin) * 100 / (_VPOSITION_BIAS * 2);
 541   1              return (unsigned char)iTmp;
 542   1      }
 543          
 544          //---------------------------------------------------------------------------
 545          WORD COsdFxGetAdcClockRange(BYTE ucPar)
 546          {
C51 COMPILER V7.06   KXOSDFUNC                                                             04/29/2010 18:06:15 PAGE 10  

 547   1          WORD delta;
 548   1      
 549   1          if(ucPar == _GET_CLOCKRANGE_MAX)
 550   1          {
 551   2              CAdjustCheckAdcClockRange(stModeUserCenterData.CenterClock, &delta);
 552   2      
 553   2              if(delta > _CLOCK_BIAS)
 554   2                  return (stModeUserCenterData.CenterClock + _CLOCK_BIAS);
 555   2              else
 556   2                  return (stModeUserCenterData.CenterClock + delta);
 557   2          }
 558   1          else if(ucPar == _GET_CLOCKRANGE_MIN)
 559   1          {
 560   2              CAdjustCheckAdcClockRange(stModeUserCenterData.CenterClock, &delta);
 561   2      
 562   2              if(delta > _CLOCK_BIAS)
 563   2                  return (stModeUserCenterData.CenterClock - _CLOCK_BIAS);
 564   2              else
 565   2                  return (stModeUserCenterData.CenterClock - delta);
 566   2          }
 567   1      }
 568          
 569          //---------------------------------------------------------------------------
 570          BYTE COsdCtrlGetClock(void)
 571          {
 572   1            WORD iMin;
 573   1            WORD  iTmp;
 574   1      
 575   1            iMin = COsdFxGetAdcClockRange(_GET_CLOCKRANGE_MIN);
 576   1            iTmp = (stModeUserData.Clock - iMin) * 100 / (COsdFxGetAdcClockRange(_GET_CLOCKRANGE_MAX) - iMin);
 577   1      
 578   1            return (BYTE)iTmp;
 579   1      }
 580          /*
 581          //---------------------------------------------------------------------------
 582          BYTE COsdCtrlGetPhase(void)
 583          {
 584                  return ((WORD)stModeUserData.Phase*100/63);             
 585          }*/
 586          
 587          //---------------------------------------------------------------------------
 588          
 589          
 590          BYTE StrLen(BYTE  *Str)
 591          {
 592   1          BYTE i = 0;
 593   1      
 594   1          while(*Str != 0)
 595   1          {
 596   2              i++;
 597   2              Str++;
 598   2          }
 599   1      
 600   1          return i;
 601   1      }
 602          
 603          //----------------------------------------------------------------------------------------------------
 604          BYTE GetNextLanguage(BYTE CurrIndex)
 605          {
 606   1           BYTE i;
 607   1           WORD iMask = usLANGUAGE_MASK;
 608   1      
C51 COMPILER V7.06   KXOSDFUNC                                                             04/29/2010 18:06:15 PAGE 11  

 609   1           iMask >>= (CurrIndex+1);
 610   1      
 611   1           for(i=CurrIndex+1;i<16;i++)
 612   1           {
 613   2               if(iMask&0x01)
 614   2               {
 615   3                   return i;
 616   3               }
 617   2               iMask >>= 1;
 618   2           }
 619   1      
 620   1           //???????????Next Langage
 621   1           iMask = usLANGUAGE_MASK;
 622   1           for(i=0;i<CurrIndex;i++)
 623   1           {
 624   2               if(iMask&0x01)
 625   2               {
 626   3                   return i;
 627   3               }
 628   2               iMask >>= 1;
 629   2           }
 630   1           return CurrIndex;
 631   1      }
 632          
 633          //----------------------------------------------------------------------------------------------------
 634          BYTE GetPrevLanguage(BYTE CurrIndex)
 635          {
 636   1           char i;
 637   1           WORD iMask = usLANGUAGE_MASK;
 638   1      
 639   1           iMask <<= (16 - CurrIndex);
 640   1      
 641   1           for(i=CurrIndex - 1;i>=0;i--)
 642   1           {
 643   2               if(iMask & 0x8000)
 644   2               {
 645   3                   return i;
 646   3               }
 647   2               iMask <<= 1;
 648   2           }
 649   1      
 650   1           //???????????Prev Langage
 651   1           iMask = usLANGUAGE_MASK;
 652   1           for(i=15;i>=CurrIndex;i--)
 653   1           {
 654   2               if(iMask & 0x8000)
 655   2               {
 656   3                   return i;
 657   3               }
 658   2               iMask <<= 1;
 659   2           }
 660   1           return CurrIndex;
 661   1      }
 662          
 663          //----------------------------------------------------------------------------------------------------
 664          BYTE CheckLanguage(void)
 665          {
 666   1           BYTE ucLanguage = GET_LANGUAGE();
 667   1           WORD iMask      = usLANGUAGE_MASK;
 668   1      
 669   1           iMask >>= ucLanguage;
 670   1      
C51 COMPILER V7.06   KXOSDFUNC                                                             04/29/2010 18:06:15 PAGE 12  

 671   1           if(iMask & 0x01)
 672   1           {
 673   2               return ucLanguage;
 674   2           }
 675   1           else
 676   1           {
 677   2               ucLanguage = FirstLanguage();
 678   2               SET_LANGUAGE(ucLanguage);
 679   2      
 680   2               return ucLanguage;
 681   2           }
 682   1      }
 683          
 684          //----------------------------------------------------------------------------------------------------
 685          BYTE FirstLanguage(void)
 686          {
 687   1           BYTE i;
 688   1           WORD iMask = usLANGUAGE_MASK;
 689   1      
 690   1           for(i=0;i<16;i++)
 691   1           {
 692   2               if(iMask&0x01)
 693   2               {
 694   3                   return i;
 695   3               }
 696   2               iMask >>= 1;
 697   2           }
 698   1           return 255;
 699   1      }
 700          
 701          //---------------------------------------------
 702          //#if(_BURNIN_EN)
 703          void InitBurnIn()
 704          {     
 705   1           CModeSetFreeRun();
 706   1           CTimerWaitForEvent(_EVENT_DVS);
 707   1           CAdjustBackgroundColor(0x00,0x00,0x00);
 708   1           CTimerWaitForEvent(_EVENT_DVS);
 709   1           CPowerPanelOn();
 710   1           CPowerLightPowerOn();
 711   1      }
 712          //---------------------------------------------
 713          void BurnInRun()
 714          {
 715   1              static BYTE ucBurnInDelay = 0;
 716   1              static BYTE ucBurnInColor = 0;
 717   1              BYTE R = 0;
 718   1              BYTE G = 0;
 719   1              BYTE B = 0;
 720   1      
 721   1              if(ucBurnInDelay < 100)
 722   1              {
 723   2                      ucBurnInDelay++;
 724   2                      //CTimerDelayXms(10);
 725   2                      return;
 726   2              }
 727   1      
 728   1              ucBurnInDelay = 0;
 729   1      
 730   1              if(ucBurnInColor & 0x80)
 731   1              {
 732   2                      if(ucBurnInColor & 0x01)     R = 0xff;
C51 COMPILER V7.06   KXOSDFUNC                                                             04/29/2010 18:06:15 PAGE 13  

 733   2                      if(ucBurnInColor & 0x02)     G = 0xff;
 734   2                      if(ucBurnInColor & 0x04)     B = 0xff;
 735   2              }
 736   1              else
 737   1              {
 738   2                      if(ucBurnInColor & 0x01)     R = 0x7f;
 739   2                      if(ucBurnInColor & 0x02)     G = 0x7f;
 740   2                      if(ucBurnInColor & 0x04)     B = 0x7f;
 741   2              }
 742   1      
 743   1          if (bfBurnIn == 0)
 744   1          {
 745   2              InitBurnIn();        
 746   2              bfBurnIn = 1;
 747   2          }
 748   1      
 749   1          CTimerWaitForEvent(_EVENT_DVS);
 750   1              CAdjustBackgroundColor(R,G,B);
 751   1              ucBurnInColor++;
 752   1      }
 753          //---------------------------------------------
 754          
 755          //#endif   // if(BURNIN_EN)
 756          
 757          //----------------------------------------------------------- 
 758          //  ucNumber:      0~65535
 759          //  ucUserDefLong: 0   --> 自动计算ucNumber长度，有几位输出几位
 760          //                 1~5 --> 输出1~5位，不足用0补
 761          //  exp:           ucNumber = 12
 762          //                 ucUserDefLong = 0    Output:  12
 763          //                 ucUserDefLong = 3    Output:  012
 764          //----------------------------------------------------------- 
 765          void CShowNumber1(const WORD ucNumber, BYTE ucUserDefLong)
 766          {
 767   1          BYTE uctemp[5];
 768   1          
 769   1          uctemp[4] = (ucNumber / 10000) % 10;
 770   1          uctemp[3] = (ucNumber / 1000) % 10;
 771   1          uctemp[2] = (ucNumber / 100) % 10;
 772   1          uctemp[1] = (ucNumber / 10) % 10;
 773   1          uctemp[0] = ucNumber  % 10;
 774   1          
 775   1          if (ucUserDefLong)
 776   1              ucUserDefLong -= 1;     
 777   1          else    
 778   1          {
 779   2              for(pData[15] = 4; pData[15]>0;pData[15]--)
 780   2              {
 781   3                  if(uctemp[pData[15]] != 0)
 782   3                      break;          
 783   3              }
 784   2              
 785   2              ucUserDefLong = pData[15];
 786   2          }
 787   1          
 788   1          CScalerSendAddr(_OSD_DATA_PORT_92 , _NON_AUTOINC);
 789   1          do
 790   1          {
 791   2              *(&MCU_SCA_INF_DATA_FFF5) = (uctemp[ucUserDefLong]+'0');
 792   2          }
 793   1          while(ucUserDefLong--);
 794   1      } 
C51 COMPILER V7.06   KXOSDFUNC                                                             04/29/2010 18:06:15 PAGE 14  

 795          
 796          //----------------------------------------------------------- 
 797          void CCloseAllWindows(void)
 798          {
 799   1              pData[0] = 0xC1;
 800   1              pData[1] = 0x00;
 801   1              CScalerWrite(_OSD_ADDR_MSB_90, 2, pData, _AUTOINC);
 802   1      
 803   1              CScalerWriteAmount(_OSD_DATA_PORT_92, 84, 0x00, _NON_AUTOINC);
 804   1      }
 805          //----------------------------------------------------------- 
 806          
 807          void CDoReset(void) 
 808          {
 809   1          BYTE ucTemp0 = GET_POWERSTATUS();
 810   1          BYTE ucTemp1 = _GET_INPUT_SOURCE();
 811   1          BYTE ucTemp2 = GET_LANGUAGE();
 812   1          BYTE ucTemp3 = GET_DISPLAYMODE();
 813   1          BYTE ucBrnin = GET_BURNIN_STATE();
 814   1          //BYTE ucGamma = stSystemData.Gamma;//GET_GAMMA();
 815   1          BYTE ucNR    = GET_NOISEREDUTION();
 816   1          BYTE fLR = GET_LR_SWAP();
 817   1          BYTE fUD = GET_UD_SWAP();
 818   1      
 819   1      
 820   1          CEepromLoadDefault(0);
 821   1      
 822   1          if (ucTemp0)    
 823   1             SET_POWERSTATUS();
 824   1          else
 825   1             CLR_POWERSTATUS();
 826   1      
 827   1      
 828   1          SET_BURNIN_STATE((ucBrnin ? 1 : 0));
 829   1          SET_NOISEREDUTION(ucNR);
 830   1      
 831   1          _SET_INPUT_SOURCE(ucTemp1);
 832   1          //SET_LANGUAGE(ucTemp2);
 833   1          SET_LANGUAGE(ENGLISH); //wtao100413
 834   1          SET_DISPLAYMODE(ucTemp3);
 835   1          SET_LR_SWAP(fLR);
 836   1          SET_UD_SWAP(fUD);
 837   1          
 838   1          CEepromSaveSystemData();
 839   1          CEepromSaveOsdUserData();
 840   1      
 841   1              CEepromLoadColorTempData();
 842   1          CAdjustBrightness();
 843   1          CAdjustContrast();
 844   1          CAdjustAudio();
 845   1          CSetVolume();
 846   1          ucOsdEventMsg = _SAVE_EE_SYSTEMDATA_MSG;
 847   1      
 848   1          CAdjustPeakingCoding();
 849   1          if(bSourceVideo())
 850   1          {
 851   2              kx_CAdjustVDCHue(GET_HUE());
 852   2              CVideoSetSaturation(GET_SATURATION());
 853   2          }
 854   1          else
 855   1          {
 856   2              if((_GET_INPUT_SOURCE() != _SOURCE_YPBPR)&&(_GET_INPUT_SOURCE() != _SOURCE_YPBPR1))
C51 COMPILER V7.06   KXOSDFUNC                                                             04/29/2010 18:06:15 PAGE 15  

 857   2                      CAdjustYpbprhue(50);
 858   2              
 859   2              if((_GET_INPUT_SOURCE() == _SOURCE_YPBPR)||(_GET_INPUT_SOURCE() == _SOURCE_YPBPR1))
 860   2              {
 861   3                  CAdjustYpbprhue(GET_HUE());
 862   3                  CAdjustYpbprSaturation(GET_SATURATION());
 863   3              }
 864   2              else if(_GET_INPUT_SOURCE() == _SOURCE_VGA)
 865   2              {
 866   3                  CAutoDoAutoConfig();
 867   3                  CAutoDoWhiteBalance();
 868   3                              stModeUserData.FirstAuto = 1;
 869   3                  CEepromSaveModeData(stModeInfo.ModeCurr);
 870   3              }
 871   2          }
 872   1      }
 873          
 874              
 875          /*  OSD Window Templet
 876          //BASE ADDRESS + 000 Shadow/Border/Gradient
 877          SB_THICKNESS(1) | SB_HEIGHT(1) ,
 878          SHADOW_COLOR(1) | BORDER_COLOR(2),
 879          R_GRADIENT_POLARITY_DEC |
 880            G_GRADIENT_POLARITY_INC |
 881            B_GRADIENT_POLARITY_DEC |
 882            GRADIENT_LEVEL(1) |
 883            R_COLOR_GRADIENT_EN(1) |
 884            G_COLOR_GRADIENT_EN(1) |
 885            B_COLOR_GRADIENT_EN(1),
 886          
 887          //BASE ADDRESS + 001 START POSITION
 888          W_START_POS(10,300),
 889          //BASE ADDRESS + 002 END POSITION
 890          W_END_POS(20,350),
 891          
 892          //BASE ADDRESS + 003  Control
 893          RESERVED,
 894          GRADIENT_PER_LEVEL(2) | WINDOW_COLOR(3),
 895          
 896          GRADIENT_FUNCTION_EN(1) |
 897            GRADIENT_DIRECTION_HOR |
 898            SHADOW_BORDER_EN(1) |
 899            WINDOW_TYPE(WT_3DBUTTON_TYPE1) |
 900            WINDOW_ENABLE(1),
 901          
 902          */
 903          


MODULE INFORMATION:   STATIC OVERLAYABLE
   CODE SIZE        =   3033    ----
   CONSTANT SIZE    =   ----    ----
   XDATA SIZE       =      6      98
   PDATA SIZE       =   ----    ----
   DATA SIZE        =   ----       1
   IDATA SIZE       =      2    ----
   BIT SIZE         =      2    ----
END OF MODULE INFORMATION.


C51 COMPILATION COMPLETE.  0 WARNING(S),  0 ERROR(S)
