C51 COMPILER V7.06   OSDFONT003                                                            04/29/2010 18:06:09 PAGE 1   


C51 COMPILER V7.06, COMPILATION OF MODULE OSDFONT003
OBJECT MODULE PLACED IN .\Output\OsdFont003.obj
COMPILER INVOKED BY: C:\Keil\C51\BIN\C51.EXE OSD\OSD003\OsdFont003.c LARGE OPTIMIZE(9,SPEED) BROWSE DEBUG OBJECTEXTEND P
                    -RINT(.\Output\OsdFont003.lst) OBJECT(.\Output\OsdFont003.obj)

stmt level    source

   1          
   2          #define __OSDFONT003__
   3          
   4          #include "Core\Header\Include.h"
   5          
   6          #if(_OSD_TYPE == _OSD003)
   7          
   8          //---------------------------------------------------------------------------
   9          
  10          BYTE code FntGlobal[] =
  11          {//0x60
  12          #if 0
              
              0x0F,0x31,0x8C,0x64,0x2E,0x79,0x5A,0xDB,0x06,0x08,0x00,0x00,0x00,0x00,0x00,0x00,0x80,0x06,0xC2,0x63,0x02,0
             -x82,0x23,0x3C,0xCE,0xC3,0x98,0x83,0x0D,0x0D,0x00,0x90,
              0x85,0xEB,0x76,0x70,0x3B,0xC8,0x8D,0xB3,0xE6,0xE2,0x1C,0x37,0x75,0x2E,0xC0,0x05,0x4F,0x1A,0xE7,0x1C,0xCE,0
             -x39,0xE1,0x73,0x3C,0x9C,0x73,0xC2,0x39,0x7D,0x71,0x66,
              0x5D,0x0C,0x74,0x01,0x8B,0x80,0x73,0xE0,0x64,0x60,0xC1,0x15,0x98,0x63,0xD1,0x1B,0x18,0xE0,0x59,0xE0,0x73,0
             -x70,0x9D,0xC3,0x31,0x2F,0x7D,0x9D,0x43,0x9F,0xEB,0xE2,
              0x02,0x03,0xA0,0x41,0xB7,0x9B,0x34,0x74,0xC3,0xDB,0xF0,0xFE,0xA0,0x1B,0x3E,0x0D,0x2E,0x17,0xB8,0xE0,0xBA,0
             -xE0,0xBA,0xDC,0xD4,0x05,0xD7,0x05,0xD7,0x35,0x87,0xEB,
              0x82,0x02,0x30,0x60,0x06,0x66,0x20,0x73,0x63,0x06,0x66,0x5C,0xCC,0x5C,0x37,0xCF,0x5C,0xC0,0x3C,0xB0,0xCF,0
             -xE1,0x38,0x0F,0xE7,0x9C,0x47,0xAF,0xF3,0xF9,0x70,0x3E,
              0x9F,0x0F,0xE7,0xCC,0x87,0xDD,0x06,0xE0,0x1A,0xC2,0x30,0x33,0xC3,0xDC,0x33,0xB8,0x67,0xB8,0xEE,0x19,0xEE,0
             -x6B,0x06,0xD7,0x0C,0x97,0x81,0x26,0xD0,0x3D,0xE4,0xFA,
              0xBE,0x1C,0x73,0xB8,0x4C,0x48,0x7F,0x17,0x7D,0xDE,0x97,0xCB,0x3B,0x0C,0x03,0x60,0xC1,0xE0,0x7A,0x6D,0x9C,0
             -x73,0xE8,0x99,0x83,0x6B,0xA3,0x67,0x30,0x1B,0xD0,0x67,
              0xE1,0x7C,0xCE,0xB8,0x9C,0x9D,0x33,0x7D,0xD6,0xFB,0x3A,0xE7,0xBC,0xEF,0xB7,0xCF,0x79,0xDF,0xEF,0xEC,0x75,0
             -xE2,0x3A,0x1F,0x73,0xAC,0x43,0x3B,0xE0,0x39,0x68,0x83,
              0x4F,0x87,0xEA,0x6E,0xBA,0x85,0x6E,0x68,0x41,0x03,0x00,0x02,0xCE,0x05,0x1D,0xE8,0x06,0x71,0xE0,0x2C,0xE2,0
             -x00,0x1A,0x5C,0x8D,0x16,0xBA,0x83,0x6E,0xE8,0x0E,0xBA,
              0xA1,0x3B,0x68,0xD0,0x00,0x8C,0x41,0x66,0x88,0x19,0x98,0x21,0x66,0x60,0x86,0x18,0x30,0xC0,0x73,0x03,0xD0,0
             -x42,0xAE,0x83,0x3E,0xB9,0xB8,0x8E,0x2F,0x71,0x35,0x00,
              0x5C,0xE0,0xBA,0x2C,0x72,0x39,0x5C,0xD7,0x39,0x5C,0xD7,0x39,0x9C,0xEB,0x1C,0xE6,0x9C,0x41,0x1F,0xC0,0x80,0
             -x7D,0xF0,0xE4,0x40,0x37,0x92,0x86,0xAB,0x61,0x0E,0x2E,
              0x68,0x70,0x70,0x81,0xAB,0x2C,0x72,0x06,0xB8,0x09,0x18,0x70,0x1D,0x8B,0x2E,0x60,0x1A,0x34,0x74,0xBB,0x49,0
             -x0D,0xFA,0x73,0x0E,0xF5,0x36,0x3E,0x7D,0x35,0xDD,0xE7,
              0xA2,0x41,0x03,0xC3,0x64,0x86,0x99,0x19,0x66,0x66,0x98,0x99,0xC1,0xCC,0x17,0xBE,0x1B,0xBE,0xC0,0x05,0xAE,0
             -x09,0xF5,0xFA,0x70,0x2E,0x2F,0xAE,0xF3,0x70,0x5D,0xE7,
              0xE1,0xBA,0x9E,0xC3,0x75,0xC1,0x05,0x2E,0x1C,0xF0,0x3E,0x37,0x98,0x83,0xAC,0xC3,0x75,0x9F,0xC3,0x75,0x9F,0
             -xC3,0x7D,0x9D,0x43,0x3B,0x60,0x1A,0xB4,0xA1,0xEB,0xC1,
              0xF5,0x85,0x7D,0x75,0x73,0x5D,0xE7,0xE2,0xBA,0xFC,0x71,0x5D,0x70,0x01,0x38,0xE0,0x1C,0x8B,0x1C,0xB8,0x17,0
             -x7C,0xB6,0x9B,0x73,0x06,0x27,0x07,0xE7,0x00,0x34,0x5C,
              0xDD,0xB8,0x3A,0xD4,0xD5,0xCD,0x75,0x75,0x73,0x5D,0x1D,0x4A,0x37,0x74,0x83,0x06,0x30,0x60,0x90,0x35,0x30,0
             -x03,0x33,0xC8,0x00,0x00,0xE0,0x02,0xDD,0x30,0x21,0x66,
              0xE0,0x1C,0xE8,0x0B,0xCE,0x85,0xDB,0xD0,0x00,0x00,0xE0,0xCA,0x8D,0xEB,0x82,0x73,0xC0,0xC0,0x1E,0x83,0xBE,0
             -x01,0x00,0x00,0x00,0x00,0x00,0x00,0x00,0x50,0xE0,0xBA,
              0xE0,0xBA,0xE0,0xBA,0xE0,0xBA,0xE0,0xBA,0x40,0x01,0x00,0x12,0x01,0x00,0x00,0x00,0x20,0x12,0x00,0x48,0x04,0
             -x2C,0xB0,0x16,0xAC,0x05,0x6B,0x81,0x85,0x48,0x00,0x20,
              0x11,0x10,0x90,0x40,0x02,0x09,0x08,0x22,0x01,0x80,0x44,0x58,0x84,0x45,0xB2,0x16,0xC9,0x5A,0x24,0x0B,0xB2,0
             -x88,0x04,0x00,0x12,0x21,0x84,0x90,0x24,0x24,0x09,0x49,
              0x20,0x21,0x12,0x00,0x48,0x84,0x2C,0x21,0x6B,0x25,0xC9,0x5A,0x49,0xB2,0x56,0x12,0x96,0x84,0x48,0x00,0x20,0
             -x11,0x12,0x21,0x49,0x92,0x24,0x49,0x92,0x24,0x21,0x12,
              0x22,0x01,0x00,0x2C,0x70,0x0E,0x9C,0x03,0xE7,0xC0,0x39,0x70,0x0E,0x58,0x00,0x60,0xD1,0x5C,0x5C,0xB5,0xD7,0
C51 COMPILER V7.06   OSDFONT003                                                            04/29/2010 18:06:09 PAGE 2   

             -xD1,0xB5,0x1F,0x8B,0xAE,0x51,0xBD,0xCE,0x59,0xEC,0x9A,
              0xC5,0x06,0x00,0x00,0xD8,0x4B,0xD9,0x31,0x3A,0xEF,0x68,0x01,0x00,0x00,0x00,0x36,0xD8,0xB0,0xB3,0x94,0xBD,0
             -x61,0x6F,0xD8,0x00,0x00,0x00,0x00,0x90,0xA5,0x00,0x00,
              0x00,0x00,0x00,0x00,0x00,0x00,0x60,0xC3,0x06,0x80,0x9E,0xA1,0xCB,0xD0,0x1B,0x6A,0xC3,0x5E,0xB0,0x86,0xEE,0
             -x41,0xF5,0x40,0x01,0x80,0x8C,0x16,0x6B,0x55,0xBD,0xF6,
              0xDE,0x9B,0xB5,0x6B,0xCB,0xAC,0xAE,0x17,0x04,0x00,0x80,0x40,0x15,0xA4,0xA0,0x0A,0xAA,0xA0,0x40,0x01,0x00,0
             -x90,0x35,0x2D,0xF6,0x5D,0x35,0xB5,0x6E,0x2C,0x5A,0x72,
              0xAB,0x1A,0x6E,0x15,0x00,0x00,0xB2,0xA6,0x3A,0xF6,0xBD,0x1F,0xCF,0xBA,0x61,0xDF,0x9B,0xAC,0xBB,0x1E,0x8C,0
             -x0E,0x00,0x00,0xB5,0x16,0x7D,0xAF,0xC5,0x33,0x6B,0x55,
              0xAF,0xDC,0xEB,0x79,0x58,0xB7,0x27,0x2C,0x00,0x00,0x90,0xB5,0x9E,0x27,0xD8,0x5B,0xD6,0x3C,0x4F,0xEC,0x1B,0
             -x59,0xF7,0xB3,0x31,0x2A,0x00,0x00,0x64,0xAD,0x12,0x3C,
              0x35,0x59,0xF3,0x3C,0xB1,0xEF,0xFD,0xC8,0xBA,0xEB,0xC1,0xE8,0x00,0x00,0x90,0xB5,0xAA,0xD2,0x6B,0xE1,0x31,0
             -xD4,0x82,0x7B,0xC1,0x02,0x0B,0x00,0x80,0xAC,0xA9,0x8E,
              0xFB,0x7E,0x1E,0x59,0xAB,0x2A,0xF6,0xBD,0x1F,0x59,0x77,0x3D,0x18,0x1D,0x00,0x00,0xB2,0xA6,0x3A,0xF6,0xBD,0
             -x1F,0xB9,0xEF,0x7A,0xD8,0xB7,0x4E,0xD6,0x5D,0x30,0x2A,
              0x00,0x00,0x00,0x37,0xDC,0xE0,0x06,0x6E,0xB8,0xC1,0x0D,0x00,0xC0,0x82,0x09,0xDC,0x31,0x64,0xC1,0x0D,0x06,0
             -x00,0x1A,0x5C,0x42,0xBF,0xC2,0xA7,0x85,0x36,0xA1,0x7B,
              0x82,0x53,0x87,0xAB,0x2C,0x80,0x05,0x40,0x06,0x1D,0xE8,0x80,0xC0,0x15,0xB0,0x2C,0x6A,0x01,0xE3,0x85,0xB6,0
             -x70,0x79,0xE8,0xCF,0x75,0xA8,0xB7,0x2F,0x3E,0xDD,0x4D,
              0x37,0x74,0x0B,0x0D,0x00,0x38,0x0B,0x64,0x0D,0xDD,0xD0,0x0D,0xD7,0x05,0xE7,0x02,0xB9,0x01,0x00,0x00,0x00,0
             -x00,0x00,0x00,0x00,0x00,0x1E,0x78,0x7E,0x33,0xFC,0x66,
              0xAD,0xEE,0xC9,0xBD,0xAA,0x63,0xEF,0x2A,0x6C,0x05,0x00,0x80,0xAC,0xA9,0x4A,0xAF,0x55,0x25,0x6B,0xAA,0x62,0
             -xDF,0x55,0xB2,0xEE,0x2A,0x8C,0x0A,0x00,0x00,0x59,0xD3,
              0x62,0xDF,0x55,0x83,0x2A,0xB6,0x2A,0x59,0x77,0xD7,0x30,0x04,0x00,0x80,0xAC,0xA9,0x8A,0x7D,0x57,0xB1,0x77,0
             -x15,0x7B,0x57,0xC9,0xBA,0xAB,0x30,0x2A,0x00,0x00,0xE4,
              0xBE,0xAB,0x82,0x2A,0x59,0xAB,0x2A,0xA8,0x92,0x5B,0x15,0x6E,0x15,0x00,0x00,0x72,0xDF,0x55,0x41,0x95,0xAC,0
             -x55,0x15,0x54,0x41,0x15,0x28,0x00,0x00,0x64,0x4D,0x8B,
              0x7D,0x57,0x4D,0xDF,0xAA,0xD8,0x77,0x55,0x67,0xDD,0x5D,0xC3,0x10,0x00,0x00,0xEC,0x5D,0xC5,0xDE,0x55,0x72,0
             -xDF,0x55,0xB1,0x77,0x15,0x7B,0x57,0x61,0x2B,0x00,0x00,
              0x64,0xA6,0x3B,0x1B,0xF6,0x86,0xBD,0x61,0x67,0xB4,0xCD,0xE8,0x00,0x00,0xF0,0xAC,0xC5,0xD3,0x33,0x74,0xCF,0
             -xD0,0x3D,0x43,0x67,0xA6,0xFB,0x05,0x01,0x00,0xA0,0xD7,
              0x5D,0xE5,0x31,0x55,0x75,0x53,0x75,0xD7,0xA8,0x8A,0x7B,0x55,0x35,0x5B,0x01,0x00,0x00,0x55,0x50,0x05,0x55,0
             -x50,0x25,0xB7,0x2A,0xDC,0x2A,0x00,0x00,0xD8,0x7B,0x6F,
              0xEE,0xFB,0x79,0xE4,0xBE,0x9F,0xE7,0xCD,0xDE,0x7B,0x67,0xEF,0xBD,0xF7,0x66,0xDB,0x00,0x00,0xB0,0x77,0x95,0
             -xB5,0x77,0xD5,0x3C,0x7B,0x57,0xDD,0x7D,0xDF,0x55,0x65,
              0xDF,0x55,0xD8,0x0A,0x00,0x00,0x59,0xD3,0x62,0xDF,0x55,0x63,0xEF,0x2A,0xF6,0xAE,0x92,0x75,0x77,0x0D,0x43,0
             -x00,0x00,0xC8,0x9A,0xAA,0xD8,0x77,0x95,0xAC,0xBB,0x0A,
              0x53,0x15,0x54,0x81,0x02,0x00,0x40,0x46,0x75,0xAC,0xB5,0x9F,0xB6,0xD6,0xDE,0x9E,0xB5,0xF6,0xDE,0xB9,0x57,0
             -x3D,0xC5,0xD6,0x01,0x00,0x20,0x6B,0xAA,0x62,0xAD,0x2A,
              0x99,0x55,0xD5,0x35,0xAA,0xE2,0x5E,0x55,0xCD,0x56,0x00,0x00,0xC8,0x9A,0x96,0xB1,0xAA,0x64,0x8D,0x8E,0x7D,0
             -x17,0x59,0x77,0xD7,0x30,0x04,0x00,0x80,0xDC,0xF7,0xF3,
              0x64,0xC3,0xDE,0xB0,0x37,0xEC,0x0D,0x1B,0x6C,0x00,0x00,0xEC,0x5D,0xC5,0xDE,0x55,0xEC,0x5D,0xC5,0xDE,0x55,0
             -xB2,0xEE,0xAE,0x61,0x08,0x00,0x00,0xF6,0xAE,0x32,0x6B,
              0x77,0x99,0xB5,0xBA,0xE7,0x37,0xC3,0xEF,0x31,0xFC,0xC0,0x03,0x00,0x80,0xBD,0xF7,0xB6,0xEF,0xFD,0xEC,0xBD,0
             -xD7,0xAA,0xDA,0x59,0xAB,0x2A,0xEF,0x4C,0xF7,0xCB,0xE8,
              0x17,0x00,0x00,0xF7,0x7E,0xB6,0xCC,0xEA,0x7A,0x03,0xC9,0x68,0x71,0xAF,0xA7,0x5E,0xB6,0x0D,0x00,0x00,0xF7,0
             -x7E,0xB6,0xCC,0xEA,0x7A,0x37,0x64,0xC3,0xDE,0xB0,0xC1,
              0x06,0x00,0x20,0xF7,0x5D,0x95,0x5E,0x37,0x1E,0x43,0x2D,0xDA,0x9D,0x5B,0xD5,0x70,0xAB,0x00,0x80,0x09,0x4C,0
             -x40,0xA0,0x43,0xBC,0x2F,0xFA,0xF3,0xE2,0x28,0x2E,0x00,
              0x40,0x07,0x3A,0x20,0x20,0xF7,0x10,0x80,0x9B,0x00,0x00,0x84,0x47,0x35,0xFA,0xFD,0x41,0x37,0xBB,0x85,0x6E,0
             -xE8,0x16,0x1A,0x00,0x30,0x59,0xB8,0xC6,0x42,0x0F,0x38,
              0xE8,0x40,0x37,0x74,0x00,0x00,0x00,0x00,0x00,0x00,0x00,0x00,0x00,0x00,0x00,0x00,0x00,0x00,0x70,0x40,0x29,0
             -x2E,0x85,0xEB,0x82,0xFB,0xF2,0x70,0x5D,0xDD,0x5C,0xD7,
              0xDB,0x5C,0x57,0x37,0x05,0x00,0x38,0x59,0x43,0x8E,0x61,0x66,0x20,0xF7,0x20,0x33,0x30,0x83,0x0C,0xE0,0x82,0
             -x27,0x0D,0x80,0xD0,0x84,0xEE,0x40,0x43,0x77,0xD0,0xA0,
              0x81,0x9B,0x00,0x40,0x40,0x20,0xA0,0x1B,0xD2,0xA0,0x01,0x00,0x00,0x00,0x00,0x00,0x00,0x00,
              
              #else
  65          0x0F,0x18,0x32,0x4C,0x6E,0x79,0xA5,0xDB,0x07,0x48,0x00,0x00,0x00,0x00,0x00,0x00,0x80,0x02,0xC2,0xA3,0x03,0
             -x82,0x2D,0x3C,0xF6,0x43,0xEB,0x8D,0x0B,0x0A,0x00,0x20,
  66          0x07,0xEB,0xB6,0x71,0xDB,0xC8,0x8D,0x7D,0x7A,0xB1,0xB7,0x9B,0xD9,0x0B,0xB0,0xE0,0x49,0x61,0xEF,0xCD,0xDE,0
             -x3B,0x7C,0xB7,0x87,0xBD,0x77,0xD8,0xBB,0x16,0xBB,0xCF,
C51 COMPILER V7.06   OSDFONT003                                                            04/29/2010 18:06:09 PAGE 3   

  67          0xA2,0xA1,0x06,0x38,0x04,0xEC,0x0D,0x3B,0x0D,0x07,0x56,0xA0,0xB7,0x43,0x5D,0x40,0x03,0xCF,0x01,0xDF,0x8D,0
             -xB5,0x37,0x5B,0xBF,0xD4,0xDA,0x9B,0xDA,0x6B,0xB1,0x40,
  68          0x03,0x28,0x50,0xE5,0x26,0x05,0x55,0xF0,0x16,0xBC,0x3F,0xA8,0x82,0x6F,0x81,0x65,0x81,0x05,0x6B,0xC1,0x5A,0
             -x6E,0x66,0xC1,0x5A,0xB0,0x56,0x6F,0xD6,0x82,0x01,0xD0,
  69          0xA0,0x1B,0xBA,0x21,0x7D,0xA3,0x1B,0xBA,0x2D,0xBA,0xD7,0xCD,0xD3,0x0B,0xE8,0x07,0xAE,0xBD,0xD9,0xF6,0xC3,0
             -xDE,0xFB,0x51,0x67,0x7F,0xBF,0xEC,0xEF,0xF7,0xCB,0xDE,
  70          0xFD,0xE5,0x2A,0x0D,0xB0,0x9A,0xD0,0x74,0x77,0xD3,0x77,0x37,0xEE,0x6E,0xD6,0xDD,0xCD,0xBD,0xBA,0xB1,0xBA,0
             -x59,0x1A,0x8A,0x40,0x55,0x93,0xF5,0x79,0xD9,0x7A,0xB3,
  71          0x74,0x48,0x7D,0x0E,0xB5,0xDF,0x97,0xE5,0x6D,0x9A,0x06,0x70,0xA0,0xB1,0x5E,0x17,0xF6,0xDE,0x54,0xF7,0xC6,0
             -xBA,0x50,0xDD,0xE8,0x0B,0x50,0xFB,0x60,0x7F,0x77,0x5B,
  72          0xF6,0x95,0xDD,0xB5,0xCF,0xFB,0xDA,0x7B,0xBF,0xEF,0xA7,0xF6,0x7E,0xDF,0x4F,0x5F,0x67,0xC7,0xDA,0x5F,0xBD,0
             -x9D,0x4D,0xD9,0xE0,0xD9,0x28,0x8D,0x6F,0x85,0xA9,0x2A,
  73          0xAA,0x84,0x2A,0x28,0x41,0x01,0x00,0x02,0xF6,0x82,0x0A,0x54,0x81,0xD8,0xB0,0x0F,0xB1,0x01,0x05,0x56,0xA1,0
             -x84,0xAA,0xA0,0x0A,0xAA,0x82,0x2A,0xA8,0x0A,0x0A,0x14,
  74          0x00,0xAD,0x91,0x6E,0xA2,0x1B,0xBA,0x89,0x6E,0xE8,0x26,0x1A,0x34,0xF0,0xDC,0x00,0x94,0x90,0xB5,0x51,0x3B,0
             -x8B,0xB5,0x7D,0x88,0x55,0x00,0xB0,0xC0,0x5A,0x0E,0x59,
  75          0x36,0x6B,0xED,0xCD,0x5A,0x7B,0xB3,0xD7,0xDE,0xF4,0xDE,0x8D,0xDA,0x80,0x06,0xD7,0xC6,0x93,0x0D,0x55,0x48,0
             -x0A,0x56,0x41,0x6F,0x2C,0x28,0xB0,0xB1,0xC0,0x1A,0x87,
  76          0xEC,0x06,0x6E,0x02,0x1A,0xAC,0xED,0x50,0x03,0x74,0x81,0x82,0x2A,0x37,0x99,0x46,0x7D,0xF7,0x66,0xDE,0xC2,0
             -xB7,0x56,0x51,0xB5,0x17,0x05,0x0A,0x68,0x3A,0xDD,0x74,
  77          0x77,0xD3,0xDD,0x4D,0x77,0x37,0xBA,0x3F,0xF0,0xB9,0xE0,0x03,0x2C,0xB0,0x3A,0xCC,0xEB,0xCB,0x5E,0x5E,0xAC,0
             -xFD,0xB0,0xD6,0x7E,0x58,0xEB,0xD9,0xAC,0x05,0x0B,0x2C,
  78          0x6C,0xF0,0x3E,0x37,0xE8,0x8D,0x9C,0xCD,0xBA,0xF7,0x66,0xDD,0x7B,0x73,0xAF,0xBD,0x29,0x1B,0x74,0x81,0xD2,0
             -xD4,0x3C,0x58,0x1F,0xB8,0x56,0x15,0x6B,0xED,0xC5,0x5A,
  79          0xFE,0x58,0x0B,0x16,0x80,0x0D,0xF6,0x76,0xC8,0x86,0xFB,0xC0,0xF7,0x72,0xB3,0x77,0x63,0x67,0x63,0x6F,0x80,0
             -x82,0x55,0x85,0x55,0x61,0x56,0x15,0x6B,0x55,0xB1,0x56,
  80          0x85,0x51,0x05,0x55,0xA0,0x00,0x34,0x68,0xE4,0x34,0x74,0x43,0x37,0xD2,0x00,0x00,0x58,0xA0,0x0A,0x3A,0x44,0
             -x37,0xEC,0x0D,0xB5,0x60,0x2F,0xDC,0x9A,0x02,0x00,0x00,
  81          0x2B,0x37,0xD6,0x82,0xBD,0x41,0xC3,0xD5,0x1A,0x75,0x03,0x00,0x00,0x00,0x00,0x00,0x00,0x00,0x60,0xC0,0x5A,0
             -xB0,0x16,0xAC,0x05,0x6B,0xC1,0x5A,0x60,0x00,0x00,0x89,
  82          0x00,0x00,0x00,0x00,0x10,0x09,0x00,0x24,0x02,0x0E,0x38,0x07,0xCE,0x81,0x73,0xC0,0x41,0x24,0x00,0x90,0x08,0
             -x08,0x48,0x20,0x81,0x04,0x04,0x91,0x00,0x40,0x22,0x1C,
  83          0xC2,0x21,0x39,0x87,0xE4,0x1C,0x92,0x03,0x39,0x44,0x02,0x00,0x89,0x10,0x42,0x48,0x12,0x92,0x84,0x24,0x90,0
             -x10,0x09,0x00,0x24,0x42,0x8E,0x90,0x73,0x92,0xE4,0x9C,
  84          0x24,0x39,0x27,0x09,0x47,0x42,0x24,0x00,0x90,0x08,0x89,0x90,0x24,0x49,0x92,0x24,0x49,0x92,0x10,0x09,0x91,0
             -x00,0x00,0x0E,0xD8,0x1B,0xF6,0x86,0xBD,0x61,0x6F,0xD8,
  85          0x1B,0x1C,0x00,0x70,0x28,0x16,0x6B,0xAE,0xB3,0xD5,0x5C,0x8F,0x43,0x4D,0x9B,0x3A,0x7B,0x1F,0xAE,0xE9,0xC3,0
             -x05,0x00,0x00,0x70,0x1D,0xE3,0x8A,0x56,0x79,0x5B,0x09,
  86          0x00,0x00,0x00,0x70,0x81,0x0B,0xAE,0x1C,0xE3,0xBA,0xE0,0xBA,0xE0,0x02,0x00,0x00,0x00,0x80,0x1C,0x03,0x00,0
             -x00,0x00,0x00,0x00,0x00,0x00,0x00,0x17,0x5C,0x00,0x50,
  87          0xDD,0xD4,0x68,0xEA,0x82,0xB9,0xE0,0x3A,0x70,0x9A,0xAA,0xC6,0x54,0xC3,0x00,0x80,0xB4,0x12,0xE7,0xCC,0xBC,0
             -xAE,0xEB,0xBA,0x38,0xD7,0x5C,0xD2,0xA7,0xE6,0x05,0x01,
  88          0x00,0x20,0x30,0x03,0x19,0x98,0x81,0x19,0x18,0x30,0x00,0x00,0xE4,0x74,0x89,0xEB,0x9E,0xE9,0x39,0x37,0x0E,0
             -x25,0xB9,0xCD,0x34,0xB7,0x09,0x00,0x00,0x39,0x3D,0x15,
  89          0xD7,0x7D,0x3D,0x9E,0x73,0xC3,0x75,0x5F,0xE4,0xDC,0xF3,0xA0,0x55,0x00,0x00,0x98,0x73,0xA8,0xFB,0x1C,0x9E,0
             -x3E,0x67,0xEA,0xE4,0x3E,0xCF,0xC3,0xB9,0x3D,0xE1,0x00,
  90          0x00,0x80,0x9C,0xF3,0x3C,0xC1,0x75,0xC9,0xE9,0xE7,0x89,0xEB,0x46,0xCE,0xFD,0x5C,0x68,0x13,0x00,0x00,0x72,0
             -xCE,0x08,0x9E,0xE9,0x9C,0x7E,0x9E,0xB8,0xEE,0xEB,0x91,
  91          0x73,0xCF,0x83,0x56,0x01,0x00,0x20,0xE7,0xCC,0xA4,0xCE,0xC1,0xA3,0x99,0x03,0xF7,0x81,0x03,0x0E,0x00,0x00,0
             -x39,0x3D,0x15,0xF7,0xFD,0x3C,0x72,0xCE,0x4C,0x5C,0xF7,
  92          0xF5,0xC8,0xB9,0xE7,0x41,0xAB,0x00,0x00,0x90,0xD3,0x53,0x71,0xDD,0xD7,0x23,0xF7,0x3D,0x0F,0xD7,0xAD,0x92,0
             -x73,0x0F,0xB4,0x09,0x00,0x00,0xC0,0x0D,0x37,0xB8,0x81,
  93          0x1B,0x6E,0x70,0x03,0x00,0x70,0xA0,0x03,0x77,0x34,0x39,0x70,0x83,0x06,0x80,0x02,0x4B,0xA8,0x57,0xF8,0x96,0
             -x50,0x3A,0x54,0x75,0xB0,0x67,0xB3,0xC6,0x01,0x38,0x00,
  94          0xA4,0x51,0x81,0x0A,0x08,0xAC,0x80,0xE3,0x30,0x07,0x68,0x2F,0x94,0x83,0xE5,0xA1,0xBE,0x6B,0x33,0x6F,0x2D,0
             -xBE,0x55,0x45,0x15,0x54,0x09,0x05,0x00,0xD8,0x07,0xE4,
  95          0x34,0x55,0x50,0x05,0x6B,0xC1,0x5E,0x20,0x37,0x00,0x00,0x00,0x00,0x00,0x00,0x00,0x00,0xC0,0x03,0xCF,0xAF,0
             -x9B,0x5F,0x9F,0x53,0xD5,0xB9,0xCF,0x54,0x5C,0xD7,0x0C,
  96          0x2E,0x03,0x00,0x80,0x9C,0x9E,0x49,0x9D,0x33,0x23,0xA7,0x67,0xE2,0xBA,0x67,0xE4,0xDC,0x33,0x68,0x13,0x00,0
             -x00,0x72,0xBA,0xC4,0x75,0xCF,0x34,0x66,0xB8,0xCC,0xC8,
  97          0xB9,0x6B,0x9A,0x26,0x00,0x00,0xE4,0xF4,0x4C,0x5C,0xF7,0x0C,0xD7,0x35,0xC3,0x75,0xCD,0xC8,0xB9,0x67,0xD0,0
             -x26,0x00,0x00,0xE4,0xBE,0x67,0x82,0x19,0x39,0x67,0x26,
C51 COMPILER V7.06   OSDFONT003                                                            04/29/2010 18:06:09 PAGE 4   

  98          0x98,0x91,0xDB,0x0C,0x6E,0x13,0x00,0x00,0x72,0xDF,0x33,0xC1,0x8C,0x9C,0x33,0x13,0xCC,0xC0,0x0C,0x18,0x00,0
             -x00,0xE4,0x74,0x89,0xEB,0x9E,0xE9,0xBA,0xCD,0x70,0xDD,
  99          0x33,0x95,0x73,0xD7,0x34,0x4D,0x00,0x00,0x70,0x5D,0x33,0x5C,0xD7,0x8C,0xDC,0xF7,0x4C,0x5C,0xD7,0x0C,0xD7,0
             -x35,0x83,0xCB,0x00,0x00,0x20,0xDD,0x55,0xB9,0xE0,0xBA,
 100          0xE0,0xBA,0xE0,0x4A,0x2B,0x17,0xAD,0x02,0x00,0xC0,0x73,0x0E,0x4F,0x75,0x53,0xD5,0x4D,0x55,0x37,0x95,0xEE,0
             -xAA,0x17,0x04,0x00,0x80,0x3A,0xF7,0x8C,0x47,0xCF,0xCC,
 101          0xCD,0xCC,0x3D,0x6D,0x26,0xEE,0x33,0x53,0x5C,0x06,0x00,0x00,0x98,0x81,0x19,0x98,0x81,0x19,0xB9,0xCD,0xE0,0
             -x36,0x01,0x00,0xC0,0x75,0x5D,0x17,0xF7,0xFD,0x3C,0x72,
 102          0xDF,0xCF,0xF3,0xE6,0xBA,0xAE,0x2B,0xD7,0x75,0x5D,0xD7,0xC5,0xE5,0x02,0x00,0x80,0xEB,0x9A,0x71,0xAE,0x6B,0
             -xA6,0x9F,0xEB,0x9A,0xB9,0xEB,0xBE,0x67,0xC6,0x75,0xCF,
 103          0xE0,0x32,0x00,0x00,0xC8,0xE9,0x12,0xD7,0x3D,0xD3,0xAE,0x6B,0x86,0xEB,0x9A,0x91,0x73,0xD7,0x34,0x4D,0x00,0
             -x00,0xC8,0xE9,0x99,0xB8,0xEE,0x19,0x39,0xF7,0x0C,0x7A,
 104          0x26,0x98,0x01,0x03,0x00,0x80,0xB4,0xA9,0x38,0xE7,0x7A,0xCA,0x39,0xD7,0xE5,0x39,0xE7,0xBA,0xAE,0xDC,0x67,0
             -x9E,0xE1,0x52,0x01,0x00,0x20,0xA7,0x67,0xE2,0x9C,0x19,
 105          0xE9,0x33,0x53,0xD3,0x66,0xE2,0x3E,0x33,0xC5,0x65,0x00,0x00,0x90,0xD3,0x25,0xED,0xCC,0xC8,0x69,0x15,0xD7,0
             -x3D,0xE4,0xDC,0x35,0x4D,0x13,0x00,0x00,0x72,0xDF,0xCF,
 106          0x93,0x0B,0xAE,0x0B,0xAE,0x0B,0xAE,0x0B,0x2E,0x70,0x01,0x00,0xE0,0xBA,0x66,0xB8,0xAE,0x19,0xAE,0x6B,0x86,0
             -xEB,0x9A,0x91,0x73,0xD7,0x34,0x4D,0x00,0x00,0x70,0x5D,
 107          0x33,0xFA,0x5C,0x35,0xFA,0x9C,0xAA,0xFE,0x75,0xF3,0x7B,0x34,0x3F,0xF0,0x00,0x00,0xE0,0xBA,0xAE,0xCB,0x75,0
             -x5F,0xCF,0x75,0x5D,0xE7,0xCC,0x5C,0x39,0x67,0x26,0x6F,
 108          0x77,0xD5,0x4B,0xAB,0x17,0x00,0x00,0xF7,0xF5,0x5C,0xD2,0xA7,0xE6,0x0D,0x24,0xAD,0xC4,0x7D,0x9E,0x79,0xB9,0
             -x5C,0x00,0x00,0x70,0x5F,0xCF,0x25,0x7D,0x6A,0xDE,0x0B,
 109          0x72,0xC1,0x75,0xC1,0x05,0x2E,0x00,0x00,0x72,0xDF,0x33,0xA9,0x73,0xE3,0xD1,0xCC,0xA1,0xDC,0xB9,0xCD,0x34,0
             -xB7,0x09,0x00,0xE8,0x40,0x07,0x04,0x2A,0xC4,0xFB,0xA2,
 110          0xBE,0x2F,0xB6,0x61,0x01,0x00,0x2A,0x50,0x01,0x01,0xB9,0x9B,0x00,0xDC,0x04,0x00,0x20,0x3C,0xA6,0x50,0xEF,0
             -x0F,0xAA,0xB8,0x4A,0xA8,0x82,0x2A,0xA1,0x00,0x00,0x9D,
 111          0x83,0xD5,0x0E,0xAA,0xC1,0x46,0x05,0xAA,0xA0,0x02,0x00,0x00,0x00,0x00,0x00,0x00,0x00,0x00,0x00,0x00,0x00,0
             -x00,0x00,0x80,0x0D,0xC6,0xB0,0x0C,0xD6,0x82,0x7B,0x79,
 112          0x58,0xAB,0x8A,0xB5,0xDE,0x62,0xAD,0x2A,0x06,0x00,0xB0,0x73,0x9A,0x6C,0x4D,0x77,0x43,0xEE,0x46,0xBA,0xA1,0
             -x1B,0x69,0xC0,0x82,0x27,0x05,0x80,0x50,0x84,0xAA,0x40,
 113          0x41,0x55,0x50,0xA0,0x80,0x9B,0x00,0x40,0x40,0x20,0xA0,0x0A,0x52,0xA0,0x00,0x56,0x18,0xBD,0x61,0x42,0x4D,0
             -x0E,0x6C,0x54,0x69,0xEC,0x85,0x45,0xE1,0xF0,0x80,0xD5,
 114          0xB0,0x17,0xAC,0xD6,0xA4,0xE0,0xD3,0xA7,0xE9,0xD7,0xA6,0x7B,0x03,0x0B,0xEC,0x07,0xAB,0x1B,0xBB,0x56,0xA9,0
             -xEC,0x7A,0x58,0xEA,0x25,0xF3,0x29,0xD8,0x4B,0x1D,0x1A,
 115          0x68,0x0E,0xD9,0xD0,0xAD,0x51,0x9A,0x95,0x83,0xB5,0x6C,0xD6,0x72,0xA8,0xB5,0x81,0x05,0xD6,0x55,0xAC,0xF5,0
             -x1C,0x95,0x79,0x0E,0xEB,0x1A,0xAC,0x55,0xA5,0x3E,0x0B,
 116          0xD6,0x67,0xB0,0x38,0x6C,0x6C,0x0E,0xDF,0xED,0xF0,0xDD,0xFB,0x90,0xBD,0x9B,0x6C,0x28,0x8D,0xFD,0x71,0xA8,0
             -x3F,0xA0,0x01,0xB3,0xA0,0x37,0x16,0x14,0xE1,0x29,0xA1,
 117          0x0A,0xAA,0x82,0x02,0x00,0x00,0x8B,0x46,0xD9,0xC8,0x41,0x05,0xAA,0x20,0x05,0x58,0x0B,0xD6,0x67,0x31,0x9F,0
             -x7C,0xD8,0x2B,0x98,0xCF,0x83,0x6B,0xED,0xCD,0x5A,0x7B,
 118          0xB3,0x46,0xB3,0xC0,0x42,0x81,0xB7,0xA4,0xFD,0x7D,0x6C,0x3E,0xD7,0xDE,0x7C,0xD6,0xDE,0xBC,0xEF,0xDE,0xFC,0
             -xBA,0x17,0xFB,0xB3,0xA0,0x0B,0x00,0x00,0x00,0x00,0x00,
 119          0x00,0xA8,0x40,0x41,0x55,0x50,0x09,0xE8,0x86,0x0E,0x05,0x50,0x00,0x10,0x50,0x05,0x29,0x37,0x01,0x40,0x05,0
             -xAA,0xE0,0x53,0x60,0xD3,0x90,0x34,0xEC,0xC6,0xDA,0x9B,
 120          0xB5,0xAE,0x2F,0xAB,0xB2,0x51,0x6B,0x51,0xC9,0xA2,0x00,0x6C,0x6E,0xB2,0xA1,0x37,0x7C,0x72,0x50,0x05,0x01,0
             -xEF,0xEB,0x26,0x2F,0x60,0x02,0x0B,0xD6,0xDA,0x61,0x56,
 121          0x16,0x6B,0xAD,0xC5,0x5A,0x2B,0xCC,0xDE,0x8B,0xD5,0xBD,0xD9,0xA0,0x0E,0x61,0xC3,0x46,0xE5,0x1C,0xB2,0x60,0
             -x2D,0x58,0xB9,0xB1,0x16,0xAC,0x05,0x16,0xE0,0xC9,0x40,
 122          0x15,0x54,0x78,0x54,0x41,0x85,0xA8,0x82,0x6F,0x81,0x85,0xE6,0x01,0x0E,0x00,0x72,0x00,0xC8,0x0D,0x00,0x00,0
             -x60,0x87,0xC7,0xDE,0x48,0x36,0xEC,0x0D,0xBD,0x51,0x1A,
 123          0x1B,0x16,0x00,0x60,0xE5,0xC6,0x5A,0x6E,0xB2,0x60,0x2D,0x58,0x0B,0xD6,0x82,0xB5,0x00,0x00,
 124          #endif
 125          };
 126          
 127          
 128          //-----------------------------------------------------------------
 129          
 130          #endif          //#if(_OSD_TYPE == _OSD003)


MODULE INFORMATION:   STATIC OVERLAYABLE
   CODE SIZE        =   ----    ----
C51 COMPILER V7.06   OSDFONT003                                                            04/29/2010 18:06:09 PAGE 5   

   CONSTANT SIZE    =   1874    ----
   XDATA SIZE       =   ----    ----
   PDATA SIZE       =   ----    ----
   DATA SIZE        =   ----    ----
   IDATA SIZE       =   ----    ----
   BIT SIZE         =   ----    ----
END OF MODULE INFORMATION.


C51 COMPILATION COMPLETE.  0 WARNING(S),  0 ERROR(S)
